[debug] [2023-10-07T16:05:50.141Z] ----------------------------------------------------------------------
[debug] [2023-10-07T16:05:50.144Z] Command:       C:\Program Files\nodejs\node.exe C:\Users\dev01\AppData\Roaming\npm\node_modules\firebase-tools\lib\bin\firebase.js init
[debug] [2023-10-07T16:05:50.145Z] CLI Version:   12.6.2
[debug] [2023-10-07T16:05:50.146Z] Platform:      win32
[debug] [2023-10-07T16:05:50.146Z] Node Version:  v18.12.1
[debug] [2023-10-07T16:05:50.147Z] Time:          Sat Oct 07 2023 21:05:50 GMT+0500 (Pakistan Standard Time)
[debug] [2023-10-07T16:05:50.147Z] ----------------------------------------------------------------------
[debug] 
[debug] [2023-10-07T16:05:50.161Z] >>> [apiv2][query] GET https://firebase-public.firebaseio.com/cli.json [none]
[debug] [2023-10-07T16:05:50.214Z] > command requires scopes: ["email","openid","https://www.googleapis.com/auth/cloudplatformprojects.readonly","https://www.googleapis.com/auth/firebase","https://www.googleapis.com/auth/cloud-platform"]
[debug] [2023-10-07T16:05:50.214Z] > authorizing via signed-in user (amiableperson66@gmail.com)
[info] 
     ######## #### ########  ######## ########     ###     ######  ########
     ##        ##  ##     ## ##       ##     ##  ##   ##  ##       ##
     ######    ##  ########  ######   ########  #########  ######  ######
     ##        ##  ##    ##  ##       ##     ## ##     ##       ## ##
     ##       #### ##     ## ######## ########  ##     ##  ######  ########

You're about to initialize a Firebase project in this directory:

  D:\mudsair

[debug] [2023-10-07T16:05:51.154Z] <<< [apiv2][status] GET https://firebase-public.firebaseio.com/cli.json 200
[debug] [2023-10-07T16:05:51.155Z] <<< [apiv2][body] GET https://firebase-public.firebaseio.com/cli.json {"cloudBuildErrorAfter":1594252800000,"cloudBuildWarnAfter":1590019200000,"defaultNode10After":1594252800000,"minVersion":"3.0.5","node8DeploysDisabledAfter":1613390400000,"node8RuntimeDisabledAfter":1615809600000,"node8WarnAfter":1600128000000}
